Build started 7/6/2018 3:06:00 PM.
     1>Project "C:\Users\dli\Documents\Visual Studio 2013\Projects\CppWindowsService\CppWindowsService\CppWindowsService.vcxproj" on node 2 (Rebuild target(s)).
     1>C:\Program Files (x86)\MSBuild\Microsoft.Cpp\v4.0\V120\Microsoft.CppBuild.targets(388,5): warning MSB8028: The intermediate directory (Win32\Release\) contains files shared from another project (CppWindowsService.vcxproj).  This can lead to incorrect clean and rebuild behavior.
     1>ClCompile:
         C:\Program Files (x86)\Microsoft Visual Studio 12.0\VC\bin\CL.exe /c /Zi /nologo /W3 /WX- /Od /Oi /Oy- /GL /D WIN32 /D NDEBUG /D _CONSOLE /D _UNICODE /D UNICODE /Gm- /EHsc /MD /GS /Gy /fp:precise /Zc:wchar_t /Zc:forScope /Fo"Win32\Release\\" /Fd"Win32\Release\vc120.pdb" /Gd /TP /analyze- /errorReport:prompt CppWindowsService.cpp SampleService.cpp ServiceBase.cpp ServiceInstaller.cpp
         CppWindowsService.cpp
         SampleService.cpp
         ServiceBase.cpp
         ServiceInstaller.cpp
       Link:
         C:\Program Files (x86)\Microsoft Visual Studio 12.0\VC\bin\link.exe /ERRORREPORT:PROMPT /OUT:"C:\Users\dli\Documents\Visual Studio 2013\Projects\CppWindowsService\Release\ExceedService.exe" /INCREMENTAL:NO /NOLOGO ws2_32.lib kernel32.lib user32.lib gdi32.lib winspool.lib comdlg32.lib advapi32.lib shell32.lib ole32.lib oleaut32.lib uuid.lib odbc32.lib odbccp32.lib /MANIFEST /MANIFESTUAC:"level='asInvoker' uiAccess='false'" /manifest:embed /DEBUG /PDB:"C:\Users\dli\Documents\Visual Studio 2013\Projects\CppWindowsService\Release\ExceedService.pdb" /SUBSYSTEM:CONSOLE /OPT:REF /OPT:ICF /LTCG /TLBID:1 /DYNAMICBASE /NXCOMPAT /IMPLIB:"C:\Users\dli\Documents\Visual Studio 2013\Projects\CppWindowsService\Release\ExceedService.lib" /MACHINE:X86 /SAFESEH Win32\Release\CppWindowsService.obj
         Win32\Release\SampleService.obj
         Win32\Release\ServiceBase.obj
         Win32\Release\ServiceInstaller.obj
         Generating code
     1>c:\users\dli\documents\visual studio 2013\projects\cppwindowsservice\cppwindowsservice\clientthread.h(55): warning C4715: 'thread_obj::operator()' : not all control paths return a value
         Finished generating code
         CppWindowsService.vcxproj -> C:\Users\dli\Documents\Visual Studio 2013\Projects\CppWindowsService\Release\ExceedService.exe
     1>Done Building Project "C:\Users\dli\Documents\Visual Studio 2013\Projects\CppWindowsService\CppWindowsService\CppWindowsService.vcxproj" (Rebuild target(s)).

Build succeeded.

Time Elapsed 00:00:02.45
